[debug] [2022-06-17T23:30:02.207Z] ----------------------------------------------------------------------
[debug] [2022-06-17T23:30:02.210Z] Command:       C:\Program Files\nodejs\node.exe C:\Users\tomav\AppData\Roaming\npm\node_modules\firebase-tools\lib\bin\firebase.js deploy --only hosting
[debug] [2022-06-17T23:30:02.210Z] CLI Version:   10.6.0
[debug] [2022-06-17T23:30:02.210Z] Platform:      win32
[debug] [2022-06-17T23:30:02.210Z] Node Version:  v14.16.0
[debug] [2022-06-17T23:30:02.215Z] Time:          Fri Jun 17 2022 19:30:02 GMT-0400 (Eastern Daylight Time)
[debug] [2022-06-17T23:30:02.215Z] ----------------------------------------------------------------------
[debug] 
[debug] [2022-06-17T23:30:02.304Z] > command requires scopes: ["email","openid","https://www.googleapis.com/auth/cloudplatformprojects.readonly","https://www.googleapis.com/auth/firebase","https://www.googleapis.com/auth/cloud-platform"]
[debug] [2022-06-17T23:30:02.305Z] > authorizing via signed-in user (tomavey9173@gmail.com)
[debug] [2022-06-17T23:30:02.305Z] [iam] checking project everhostio for permissions ["firebase.projects.get","firebasehosting.sites.update"]
[debug] [2022-06-17T23:30:02.306Z] > refreshing access token with scopes: []
[debug] [2022-06-17T23:30:02.307Z] >>> HTTP REQUEST POST https://www.googleapis.com/oauth2/v3/token  
 <request body omitted>
[debug] [2022-06-17T23:30:02.545Z] <<< HTTP RESPONSE 200 {"cache-control":"no-cache, no-store, max-age=0, must-revalidate","pragma":"no-cache","expires":"Mon, 01 Jan 1990 00:00:00 GMT","date":"Fri, 17 Jun 2022 23:30:02 GMT","content-type":"application/json; charset=utf-8","vary":"X-Origin, Referer, Origin,Accept-Encoding","server":"scaffolding on HTTPServer2","x-xss-protection":"0","x-frame-options":"SAMEORIGIN","x-content-type-options":"nosniff","alt-svc":"h3=\":443\"; ma=2592000,h3-29=\":443\"; ma=2592000,h3-Q050=\":443\"; ma=2592000,h3-Q046=\":443\"; ma=2592000,h3-Q043=\":443\"; ma=2592000,quic=\":443\"; ma=2592000; v=\"46,43\"","accept-ranges":"none","transfer-encoding":"chunked"}
[debug] [2022-06-17T23:30:02.572Z] >>> [apiv2][query] POST https://cloudresourcemanager.googleapis.com/v1/projects/everhostio:testIamPermissions [none]
[debug] [2022-06-17T23:30:02.573Z] >>> [apiv2][body] POST https://cloudresourcemanager.googleapis.com/v1/projects/everhostio:testIamPermissions {"permissions":["firebase.projects.get","firebasehosting.sites.update"]}
[debug] [2022-06-17T23:30:02.756Z] <<< [apiv2][status] POST https://cloudresourcemanager.googleapis.com/v1/projects/everhostio:testIamPermissions 200
[debug] [2022-06-17T23:30:02.757Z] <<< [apiv2][body] POST https://cloudresourcemanager.googleapis.com/v1/projects/everhostio:testIamPermissions {"permissions":["firebase.projects.get","firebasehosting.sites.update"]}
[debug] [2022-06-17T23:30:02.759Z] >>> [apiv2][query] GET https://firebase.googleapis.com/v1beta1/projects/everhostio [none]
[debug] [2022-06-17T23:30:02.948Z] <<< [apiv2][status] GET https://firebase.googleapis.com/v1beta1/projects/everhostio 200
[debug] [2022-06-17T23:30:02.949Z] <<< [apiv2][body] GET https://firebase.googleapis.com/v1beta1/projects/everhostio {"projectId":"everhostio","projectNumber":"355449850402","displayName":"Everhostio","name":"projects/everhostio","resources":{"hostingSite":"everhostio","realtimeDatabaseInstance":"everhostio-default-rtdb","storageBucket":"everhostio.appspot.com","locationId":"us-central"},"state":"ACTIVE"}
[info] 
[info] === Deploying to 'everhostio'...
[info] 
[info] i  deploying hosting 
[debug] [2022-06-17T23:30:02.999Z] >>> [apiv2][query] GET https://firebase.googleapis.com/v1beta1/projects/everhostio [none]
[debug] [2022-06-17T23:30:03.129Z] <<< [apiv2][status] GET https://firebase.googleapis.com/v1beta1/projects/everhostio 200
[debug] [2022-06-17T23:30:03.130Z] <<< [apiv2][body] GET https://firebase.googleapis.com/v1beta1/projects/everhostio {"projectId":"everhostio","projectNumber":"355449850402","displayName":"Everhostio","name":"projects/everhostio","resources":{"hostingSite":"everhostio","realtimeDatabaseInstance":"everhostio-default-rtdb","storageBucket":"everhostio.appspot.com","locationId":"us-central"},"state":"ACTIVE"}
[debug] [2022-06-17T23:30:03.135Z] >>> [apiv2][query] POST https://firebasehosting.googleapis.com/v1beta1/projects/355449850402/sites/admin-everhostio/versions [none]
[debug] [2022-06-17T23:30:03.136Z] >>> [apiv2][body] POST https://firebasehosting.googleapis.com/v1beta1/projects/355449850402/sites/admin-everhostio/versions {"config":{"rewrites":[{"glob":"**","path":"/index.html"}]},"labels":{"deployment-tool":"cli-firebase"}}
[debug] [2022-06-17T23:30:03.835Z] <<< [apiv2][status] POST https://firebasehosting.googleapis.com/v1beta1/projects/355449850402/sites/admin-everhostio/versions 200
